2023-10-02 11:12:03,045 [BombeRLeWorld] INFO: Initializing game world
2023-10-02 11:12:03,838 [BombeRLeWorld] INFO: STARTING ROUND #1
2023-10-02 11:12:03,839 [BombeRLeWorld] INFO: STARTING STEP 1
2023-10-02 11:12:03,840 [BombeRLeWorld] INFO: Agent <agent_DQN> chose action LEFT in 0.00s.
2023-10-02 11:12:03,840 [BombeRLeWorld] INFO: Agent <agent_DQN> stayed within acceptable think time.
2023-10-02 11:12:03,840 [BombeRLeWorld] INFO: Agent <rule_based_agent> chose action UP in 0.00s.
2023-10-02 11:12:03,840 [BombeRLeWorld] INFO: Agent <rule_based_agent> stayed within acceptable think time.
2023-10-02 11:12:03,840 [BombeRLeWorld] INFO: STARTING STEP 2
2023-10-02 11:12:03,841 [BombeRLeWorld] INFO: Agent <rule_based_agent> chose action BOMB in 0.00s.
2023-10-02 11:12:03,841 [BombeRLeWorld] INFO: Agent <rule_based_agent> stayed within acceptable think time.
2023-10-02 11:12:03,841 [BombeRLeWorld] INFO: Agent <rule_based_agent> drops bomb at (15, 14)
2023-10-02 11:12:03,841 [BombeRLeWorld] INFO: Agent <agent_DQN> chose action UP in 0.00s.
2023-10-02 11:12:03,841 [BombeRLeWorld] INFO: Agent <agent_DQN> stayed within acceptable think time.
2023-10-02 11:12:03,841 [BombeRLeWorld] INFO: STARTING STEP 3
2023-10-02 11:12:03,842 [BombeRLeWorld] INFO: Agent <rule_based_agent> chose action DOWN in 0.00s.
2023-10-02 11:12:03,842 [BombeRLeWorld] INFO: Agent <rule_based_agent> stayed within acceptable think time.
2023-10-02 11:12:03,842 [BombeRLeWorld] INFO: Agent <agent_DQN> chose action RIGHT in 0.00s.
2023-10-02 11:12:03,842 [BombeRLeWorld] INFO: Agent <agent_DQN> stayed within acceptable think time.
2023-10-02 11:12:03,842 [BombeRLeWorld] INFO: STARTING STEP 4
2023-10-02 11:12:03,843 [BombeRLeWorld] INFO: Agent <agent_DQN> chose action BOMB in 0.00s.
2023-10-02 11:12:03,843 [BombeRLeWorld] INFO: Agent <agent_DQN> stayed within acceptable think time.
2023-10-02 11:12:03,843 [BombeRLeWorld] INFO: Agent <agent_DQN> drops bomb at (15, 1)
2023-10-02 11:12:03,843 [BombeRLeWorld] INFO: Agent <rule_based_agent> chose action LEFT in 0.00s.
2023-10-02 11:12:03,843 [BombeRLeWorld] INFO: Agent <rule_based_agent> stayed within acceptable think time.
2023-10-02 11:12:03,844 [BombeRLeWorld] INFO: STARTING STEP 5
2023-10-02 11:12:03,844 [BombeRLeWorld] INFO: Agent <agent_DQN> chose action UP in 0.00s.
2023-10-02 11:12:03,844 [BombeRLeWorld] INFO: Agent <agent_DQN> stayed within acceptable think time.
2023-10-02 11:12:03,844 [BombeRLeWorld] INFO: Agent <rule_based_agent> chose action RIGHT in 0.00s.
2023-10-02 11:12:03,844 [BombeRLeWorld] INFO: Agent <rule_based_agent> stayed within acceptable think time.
2023-10-02 11:12:03,845 [BombeRLeWorld] INFO: STARTING STEP 6
2023-10-02 11:12:03,845 [BombeRLeWorld] INFO: Agent <agent_DQN> chose action RIGHT in 0.00s.
2023-10-02 11:12:03,846 [BombeRLeWorld] INFO: Agent <agent_DQN> stayed within acceptable think time.
2023-10-02 11:12:03,846 [BombeRLeWorld] INFO: Agent <rule_based_agent> chose action LEFT in 0.00s.
2023-10-02 11:12:03,846 [BombeRLeWorld] INFO: Agent <rule_based_agent> stayed within acceptable think time.
2023-10-02 11:12:03,846 [BombeRLeWorld] INFO: Agent <rule_based_agent>'s bomb at (15, 14) explodes
2023-10-02 11:12:03,846 [BombeRLeWorld] INFO: STARTING STEP 7
2023-10-02 11:12:03,847 [BombeRLeWorld] INFO: Agent <rule_based_agent> chose action None in 0.00s.
2023-10-02 11:12:03,847 [BombeRLeWorld] INFO: Agent <rule_based_agent> stayed within acceptable think time.
2023-10-02 11:12:03,847 [BombeRLeWorld] INFO: Agent <agent_DQN> chose action LEFT in 0.00s.
2023-10-02 11:12:03,847 [BombeRLeWorld] INFO: Agent <agent_DQN> stayed within acceptable think time.
2023-10-02 11:12:03,847 [BombeRLeWorld] INFO: STARTING STEP 8
2023-10-02 11:12:03,848 [BombeRLeWorld] INFO: Agent <rule_based_agent> chose action RIGHT in 0.00s.
2023-10-02 11:12:03,848 [BombeRLeWorld] INFO: Agent <rule_based_agent> stayed within acceptable think time.
2023-10-02 11:12:03,848 [BombeRLeWorld] INFO: Agent <agent_DQN> chose action LEFT in 0.00s.
2023-10-02 11:12:03,848 [BombeRLeWorld] INFO: Agent <agent_DQN> stayed within acceptable think time.
2023-10-02 11:12:03,848 [BombeRLeWorld] INFO: Agent <agent_DQN>'s bomb at (15, 1) explodes
2023-10-02 11:12:03,848 [BombeRLeWorld] INFO: Agent <agent_DQN> blown up by own bomb
2023-10-02 11:12:03,848 [BombeRLeWorld] INFO: No training agent left alive, wrap up round
2023-10-02 11:12:03,848 [BombeRLeWorld] INFO: WRAPPING UP ROUND #1
2023-10-02 11:12:03,849 [BombeRLeWorld] INFO: STARTING ROUND #2
2023-10-02 11:12:03,849 [BombeRLeWorld] INFO: STARTING STEP 1
2023-10-02 11:12:03,850 [BombeRLeWorld] INFO: Agent <agent_DQN> chose action LEFT in 0.00s.
2023-10-02 11:12:03,850 [BombeRLeWorld] INFO: Agent <agent_DQN> stayed within acceptable think time.
2023-10-02 11:12:03,850 [BombeRLeWorld] INFO: Agent <rule_based_agent> chose action RIGHT in 0.00s.
2023-10-02 11:12:03,850 [BombeRLeWorld] INFO: Agent <rule_based_agent> stayed within acceptable think time.
2023-10-02 11:12:03,850 [BombeRLeWorld] INFO: STARTING STEP 2
2023-10-02 11:12:03,850 [BombeRLeWorld] INFO: Agent <agent_DQN> chose action LEFT in 0.00s.
2023-10-02 11:12:03,850 [BombeRLeWorld] INFO: Agent <agent_DQN> stayed within acceptable think time.
2023-10-02 11:12:03,850 [BombeRLeWorld] INFO: Agent <rule_based_agent> chose action BOMB in 0.00s.
2023-10-02 11:12:03,850 [BombeRLeWorld] INFO: Agent <rule_based_agent> stayed within acceptable think time.
2023-10-02 11:12:03,850 [BombeRLeWorld] INFO: Agent <rule_based_agent> drops bomb at (2, 15)
2023-10-02 11:12:03,851 [BombeRLeWorld] INFO: STARTING STEP 3
2023-10-02 11:12:03,851 [BombeRLeWorld] INFO: Agent <rule_based_agent> chose action LEFT in 0.00s.
2023-10-02 11:12:03,851 [BombeRLeWorld] INFO: Agent <rule_based_agent> stayed within acceptable think time.
2023-10-02 11:12:03,851 [BombeRLeWorld] INFO: Agent <agent_DQN> chose action LEFT in 0.00s.
2023-10-02 11:12:03,851 [BombeRLeWorld] INFO: Agent <agent_DQN> stayed within acceptable think time.
2023-10-02 11:12:03,852 [BombeRLeWorld] INFO: STARTING STEP 4
2023-10-02 11:12:03,852 [BombeRLeWorld] INFO: Agent <rule_based_agent> chose action UP in 0.00s.
2023-10-02 11:12:03,852 [BombeRLeWorld] INFO: Agent <rule_based_agent> stayed within acceptable think time.
2023-10-02 11:12:03,852 [BombeRLeWorld] INFO: Agent <agent_DQN> chose action LEFT in 0.00s.
2023-10-02 11:12:03,852 [BombeRLeWorld] INFO: Agent <agent_DQN> stayed within acceptable think time.
2023-10-02 11:12:03,853 [BombeRLeWorld] INFO: STARTING STEP 5
2023-10-02 11:12:03,853 [BombeRLeWorld] INFO: Agent <rule_based_agent> chose action UP in 0.00s.
2023-10-02 11:12:03,853 [BombeRLeWorld] INFO: Agent <rule_based_agent> stayed within acceptable think time.
2023-10-02 11:12:03,853 [BombeRLeWorld] INFO: Agent <agent_DQN> chose action LEFT in 0.00s.
2023-10-02 11:12:03,853 [BombeRLeWorld] INFO: Agent <agent_DQN> stayed within acceptable think time.
2023-10-02 11:12:03,853 [BombeRLeWorld] INFO: STARTING STEP 6
2023-10-02 11:12:03,854 [BombeRLeWorld] INFO: Agent <agent_DQN> chose action LEFT in 0.00s.
2023-10-02 11:12:03,854 [BombeRLeWorld] INFO: Agent <agent_DQN> stayed within acceptable think time.
2023-10-02 11:12:03,854 [BombeRLeWorld] INFO: Agent <rule_based_agent> chose action DOWN in 0.00s.
2023-10-02 11:12:03,854 [BombeRLeWorld] INFO: Agent <rule_based_agent> stayed within acceptable think time.
2023-10-02 11:12:03,854 [BombeRLeWorld] INFO: Agent <rule_based_agent>'s bomb at (2, 15) explodes
2023-10-02 11:12:03,855 [BombeRLeWorld] INFO: STARTING STEP 7
2023-10-02 11:12:03,856 [BombeRLeWorld] INFO: Agent <rule_based_agent> chose action UP in 0.00s.
2023-10-02 11:12:03,856 [BombeRLeWorld] INFO: Agent <rule_based_agent> stayed within acceptable think time.
2023-10-02 11:12:03,856 [BombeRLeWorld] INFO: Agent <agent_DQN> chose action LEFT in 0.00s.
2023-10-02 11:12:03,856 [BombeRLeWorld] INFO: Agent <agent_DQN> stayed within acceptable think time.
2023-10-02 11:12:03,856 [BombeRLeWorld] INFO: STARTING STEP 8
2023-10-02 11:12:03,857 [BombeRLeWorld] INFO: Agent <agent_DQN> chose action LEFT in 0.00s.
2023-10-02 11:12:03,857 [BombeRLeWorld] INFO: Agent <agent_DQN> stayed within acceptable think time.
2023-10-02 11:12:03,857 [BombeRLeWorld] INFO: Agent <rule_based_agent> chose action DOWN in 0.00s.
2023-10-02 11:12:03,857 [BombeRLeWorld] INFO: Agent <rule_based_agent> stayed within acceptable think time.
2023-10-02 11:12:03,857 [BombeRLeWorld] INFO: STARTING STEP 9
2023-10-02 11:12:03,858 [BombeRLeWorld] INFO: Agent <rule_based_agent> chose action UP in 0.00s.
2023-10-02 11:12:03,858 [BombeRLeWorld] INFO: Agent <rule_based_agent> stayed within acceptable think time.
2023-10-02 11:12:03,858 [BombeRLeWorld] INFO: Agent <agent_DQN> chose action LEFT in 0.00s.
2023-10-02 11:12:03,858 [BombeRLeWorld] INFO: Agent <agent_DQN> stayed within acceptable think time.
2023-10-02 11:12:03,858 [BombeRLeWorld] INFO: STARTING STEP 10
2023-10-02 11:12:03,859 [BombeRLeWorld] INFO: Agent <rule_based_agent> chose action BOMB in 0.00s.
2023-10-02 11:12:03,859 [BombeRLeWorld] INFO: Agent <rule_based_agent> stayed within acceptable think time.
2023-10-02 11:12:03,859 [BombeRLeWorld] INFO: Agent <rule_based_agent> drops bomb at (1, 13)
2023-10-02 11:12:03,859 [BombeRLeWorld] INFO: Agent <agent_DQN> chose action LEFT in 0.00s.
2023-10-02 11:12:03,859 [BombeRLeWorld] INFO: Agent <agent_DQN> stayed within acceptable think time.
2023-10-02 11:12:03,859 [BombeRLeWorld] INFO: STARTING STEP 11
2023-10-02 11:12:03,860 [BombeRLeWorld] INFO: Agent <rule_based_agent> chose action DOWN in 0.00s.
2023-10-02 11:12:03,860 [BombeRLeWorld] INFO: Agent <rule_based_agent> stayed within acceptable think time.
2023-10-02 11:12:03,860 [BombeRLeWorld] INFO: Agent <agent_DQN> chose action LEFT in 0.00s.
2023-10-02 11:12:03,860 [BombeRLeWorld] INFO: Agent <agent_DQN> stayed within acceptable think time.
2023-10-02 11:12:03,860 [BombeRLeWorld] INFO: STARTING STEP 12
2023-10-02 11:12:03,861 [BombeRLeWorld] INFO: Agent <rule_based_agent> chose action DOWN in 0.00s.
2023-10-02 11:12:03,861 [BombeRLeWorld] INFO: Agent <rule_based_agent> stayed within acceptable think time.
2023-10-02 11:12:03,861 [BombeRLeWorld] INFO: Agent <agent_DQN> chose action LEFT in 0.00s.
2023-10-02 11:12:03,861 [BombeRLeWorld] INFO: Agent <agent_DQN> stayed within acceptable think time.
2023-10-02 11:12:03,861 [BombeRLeWorld] INFO: STARTING STEP 13
2023-10-02 11:12:03,862 [BombeRLeWorld] INFO: Agent <rule_based_agent> chose action RIGHT in 0.00s.
2023-10-02 11:12:03,862 [BombeRLeWorld] INFO: Agent <rule_based_agent> stayed within acceptable think time.
2023-10-02 11:12:03,862 [BombeRLeWorld] INFO: Agent <agent_DQN> chose action LEFT in 0.00s.
2023-10-02 11:12:03,862 [BombeRLeWorld] INFO: Agent <agent_DQN> stayed within acceptable think time.
2023-10-02 11:12:03,863 [BombeRLeWorld] INFO: STARTING STEP 14
2023-10-02 11:12:03,863 [BombeRLeWorld] INFO: Agent <agent_DQN> chose action LEFT in 0.00s.
2023-10-02 11:12:03,863 [BombeRLeWorld] INFO: Agent <agent_DQN> stayed within acceptable think time.
2023-10-02 11:12:03,863 [BombeRLeWorld] INFO: Agent <rule_based_agent> chose action RIGHT in 0.00s.
2023-10-02 11:12:03,863 [BombeRLeWorld] INFO: Agent <rule_based_agent> stayed within acceptable think time.
2023-10-02 11:12:03,863 [BombeRLeWorld] INFO: Agent <rule_based_agent>'s bomb at (1, 13) explodes
2023-10-02 11:12:03,864 [BombeRLeWorld] INFO: STARTING STEP 15
2023-10-02 11:12:03,864 [BombeRLeWorld] INFO: Agent <agent_DQN> chose action LEFT in 0.00s.
2023-10-02 11:12:03,864 [BombeRLeWorld] INFO: Agent <agent_DQN> stayed within acceptable think time.
2023-10-02 11:12:03,864 [BombeRLeWorld] INFO: Agent <rule_based_agent> chose action RIGHT in 0.00s.
2023-10-02 11:12:03,864 [BombeRLeWorld] INFO: Agent <rule_based_agent> stayed within acceptable think time.
2023-10-02 11:12:03,865 [BombeRLeWorld] INFO: STARTING STEP 16
2023-10-02 11:12:03,865 [BombeRLeWorld] INFO: Agent <rule_based_agent> chose action RIGHT in 0.00s.
2023-10-02 11:12:03,865 [BombeRLeWorld] INFO: Agent <rule_based_agent> stayed within acceptable think time.
2023-10-02 11:12:03,865 [BombeRLeWorld] INFO: Agent <agent_DQN> chose action LEFT in 0.00s.
2023-10-02 11:12:03,865 [BombeRLeWorld] INFO: Agent <agent_DQN> stayed within acceptable think time.
2023-10-02 11:12:03,866 [BombeRLeWorld] INFO: STARTING STEP 17
2023-10-02 11:12:03,866 [BombeRLeWorld] INFO: Agent <agent_DQN> chose action LEFT in 0.00s.
2023-10-02 11:12:03,866 [BombeRLeWorld] INFO: Agent <agent_DQN> stayed within acceptable think time.
2023-10-02 11:12:03,866 [BombeRLeWorld] INFO: Agent <rule_based_agent> chose action BOMB in 0.00s.
2023-10-02 11:12:03,866 [BombeRLeWorld] INFO: Agent <rule_based_agent> stayed within acceptable think time.
2023-10-02 11:12:03,866 [BombeRLeWorld] INFO: Agent <rule_based_agent> drops bomb at (5, 15)
2023-10-02 11:12:03,866 [BombeRLeWorld] INFO: STARTING STEP 18
2023-10-02 11:12:03,867 [BombeRLeWorld] INFO: Agent <agent_DQN> chose action LEFT in 0.00s.
2023-10-02 11:12:03,867 [BombeRLeWorld] INFO: Agent <agent_DQN> stayed within acceptable think time.
2023-10-02 11:12:03,867 [BombeRLeWorld] INFO: Agent <rule_based_agent> chose action LEFT in 0.00s.
2023-10-02 11:12:03,867 [BombeRLeWorld] INFO: Agent <rule_based_agent> stayed within acceptable think time.
2023-10-02 11:12:03,868 [BombeRLeWorld] INFO: STARTING STEP 19
2023-10-02 11:12:03,868 [BombeRLeWorld] INFO: Agent <rule_based_agent> chose action LEFT in 0.00s.
2023-10-02 11:12:03,868 [BombeRLeWorld] INFO: Agent <rule_based_agent> stayed within acceptable think time.
2023-10-02 11:12:03,869 [BombeRLeWorld] INFO: Agent <agent_DQN> chose action LEFT in 0.00s.
2023-10-02 11:12:03,869 [BombeRLeWorld] INFO: Agent <agent_DQN> stayed within acceptable think time.
2023-10-02 11:12:03,869 [BombeRLeWorld] INFO: STARTING STEP 20
2023-10-02 11:12:03,870 [BombeRLeWorld] INFO: Agent <rule_based_agent> chose action LEFT in 0.00s.
2023-10-02 11:12:03,870 [BombeRLeWorld] INFO: Agent <rule_based_agent> stayed within acceptable think time.
2023-10-02 11:12:03,870 [BombeRLeWorld] INFO: Agent <agent_DQN> chose action LEFT in 0.00s.
2023-10-02 11:12:03,870 [BombeRLeWorld] INFO: Agent <agent_DQN> stayed within acceptable think time.
2023-10-02 11:12:03,870 [BombeRLeWorld] INFO: STARTING STEP 21
2023-10-02 11:12:03,871 [BombeRLeWorld] INFO: Agent <agent_DQN> chose action LEFT in 0.00s.
2023-10-02 11:12:03,871 [BombeRLeWorld] INFO: Agent <agent_DQN> stayed within acceptable think time.
2023-10-02 11:12:03,871 [BombeRLeWorld] INFO: Agent <rule_based_agent> chose action LEFT in 0.00s.
2023-10-02 11:12:03,871 [BombeRLeWorld] INFO: Agent <rule_based_agent> stayed within acceptable think time.
2023-10-02 11:12:03,871 [BombeRLeWorld] INFO: Agent <rule_based_agent>'s bomb at (5, 15) explodes
2023-10-02 11:12:03,871 [BombeRLeWorld] INFO: STARTING STEP 22
2023-10-02 11:12:03,872 [BombeRLeWorld] INFO: Agent <agent_DQN> chose action LEFT in 0.00s.
2023-10-02 11:12:03,872 [BombeRLeWorld] INFO: Agent <agent_DQN> stayed within acceptable think time.
2023-10-02 11:12:03,872 [BombeRLeWorld] INFO: Agent <rule_based_agent> chose action UP in 0.00s.
2023-10-02 11:12:03,872 [BombeRLeWorld] INFO: Agent <rule_based_agent> stayed within acceptable think time.
2023-10-02 11:12:03,873 [BombeRLeWorld] INFO: STARTING STEP 23
2023-10-02 11:12:03,873 [BombeRLeWorld] INFO: Agent <rule_based_agent> chose action UP in 0.00s.
2023-10-02 11:12:03,873 [BombeRLeWorld] INFO: Agent <rule_based_agent> stayed within acceptable think time.
2023-10-02 11:12:03,873 [BombeRLeWorld] INFO: Agent <agent_DQN> chose action LEFT in 0.00s.
2023-10-02 11:12:03,873 [BombeRLeWorld] INFO: Agent <agent_DQN> stayed within acceptable think time.
2023-10-02 11:12:03,874 [BombeRLeWorld] INFO: STARTING STEP 24
2023-10-02 11:12:03,874 [BombeRLeWorld] INFO: Agent <agent_DQN> chose action LEFT in 0.00s.
2023-10-02 11:12:03,874 [BombeRLeWorld] INFO: Agent <agent_DQN> stayed within acceptable think time.
2023-10-02 11:12:03,874 [BombeRLeWorld] INFO: Agent <rule_based_agent> chose action UP in 0.00s.
2023-10-02 11:12:03,874 [BombeRLeWorld] INFO: Agent <rule_based_agent> stayed within acceptable think time.
2023-10-02 11:12:03,875 [BombeRLeWorld] INFO: STARTING STEP 25
2023-10-02 11:12:03,875 [BombeRLeWorld] INFO: Agent <rule_based_agent> chose action UP in 0.00s.
2023-10-02 11:12:03,875 [BombeRLeWorld] INFO: Agent <rule_based_agent> stayed within acceptable think time.
2023-10-02 11:12:03,875 [BombeRLeWorld] INFO: Agent <agent_DQN> chose action LEFT in 0.00s.
2023-10-02 11:12:03,875 [BombeRLeWorld] INFO: Agent <agent_DQN> stayed within acceptable think time.
2023-10-02 11:12:03,876 [BombeRLeWorld] INFO: STARTING STEP 26
2023-10-02 11:12:03,876 [BombeRLeWorld] INFO: Agent <agent_DQN> chose action LEFT in 0.00s.
2023-10-02 11:12:03,876 [BombeRLeWorld] INFO: Agent <agent_DQN> stayed within acceptable think time.
2023-10-02 11:12:03,876 [BombeRLeWorld] INFO: Agent <rule_based_agent> chose action UP in 0.00s.
2023-10-02 11:12:03,877 [BombeRLeWorld] INFO: Agent <rule_based_agent> stayed within acceptable think time.
2023-10-02 11:12:03,877 [BombeRLeWorld] INFO: STARTING STEP 27
2023-10-02 11:12:03,877 [BombeRLeWorld] INFO: Agent <rule_based_agent> chose action BOMB in 0.00s.
2023-10-02 11:12:03,877 [BombeRLeWorld] INFO: Agent <rule_based_agent> stayed within acceptable think time.
2023-10-02 11:12:03,877 [BombeRLeWorld] INFO: Agent <rule_based_agent> drops bomb at (1, 10)
2023-10-02 11:12:03,877 [BombeRLeWorld] INFO: Agent <agent_DQN> chose action LEFT in 0.00s.
2023-10-02 11:12:03,877 [BombeRLeWorld] INFO: Agent <agent_DQN> stayed within acceptable think time.
2023-10-02 11:12:03,878 [BombeRLeWorld] INFO: STARTING STEP 28
2023-10-02 11:12:03,879 [BombeRLeWorld] INFO: Agent <agent_DQN> chose action LEFT in 0.00s.
2023-10-02 11:12:03,879 [BombeRLeWorld] INFO: Agent <agent_DQN> stayed within acceptable think time.
2023-10-02 11:12:03,879 [BombeRLeWorld] INFO: Agent <rule_based_agent> chose action DOWN in 0.00s.
2023-10-02 11:12:03,879 [BombeRLeWorld] INFO: Agent <rule_based_agent> stayed within acceptable think time.
2023-10-02 11:12:03,879 [BombeRLeWorld] INFO: STARTING STEP 29
2023-10-02 11:12:03,880 [BombeRLeWorld] INFO: Agent <agent_DQN> chose action LEFT in 0.00s.
2023-10-02 11:12:03,880 [BombeRLeWorld] INFO: Agent <agent_DQN> stayed within acceptable think time.
2023-10-02 11:12:03,880 [BombeRLeWorld] INFO: Agent <rule_based_agent> chose action DOWN in 0.00s.
2023-10-02 11:12:03,880 [BombeRLeWorld] INFO: Agent <rule_based_agent> stayed within acceptable think time.
2023-10-02 11:12:03,881 [BombeRLeWorld] INFO: STARTING STEP 30
2023-10-02 11:12:03,882 [BombeRLeWorld] INFO: Agent <agent_DQN> chose action LEFT in 0.00s.
2023-10-02 11:12:03,882 [BombeRLeWorld] INFO: Agent <agent_DQN> stayed within acceptable think time.
2023-10-02 11:12:03,882 [BombeRLeWorld] INFO: Agent <rule_based_agent> chose action DOWN in 0.00s.
2023-10-02 11:12:03,882 [BombeRLeWorld] INFO: Agent <rule_based_agent> stayed within acceptable think time.
2023-10-02 11:12:03,882 [BombeRLeWorld] INFO: STARTING STEP 31
2023-10-02 11:12:03,883 [BombeRLeWorld] INFO: Agent <agent_DQN> chose action LEFT in 0.00s.
2023-10-02 11:12:03,883 [BombeRLeWorld] INFO: Agent <agent_DQN> stayed within acceptable think time.
2023-10-02 11:12:03,883 [BombeRLeWorld] INFO: Agent <rule_based_agent> chose action RIGHT in 0.00s.
2023-10-02 11:12:03,883 [BombeRLeWorld] INFO: Agent <rule_based_agent> stayed within acceptable think time.
2023-10-02 11:12:03,883 [BombeRLeWorld] INFO: Agent <rule_based_agent>'s bomb at (1, 10) explodes
2023-10-02 11:12:03,883 [BombeRLeWorld] INFO: STARTING STEP 32
2023-10-02 11:12:03,884 [BombeRLeWorld] INFO: Agent <rule_based_agent> chose action RIGHT in 0.00s.
2023-10-02 11:12:03,885 [BombeRLeWorld] INFO: Agent <rule_based_agent> stayed within acceptable think time.
2023-10-02 11:12:03,885 [BombeRLeWorld] INFO: Agent <agent_DQN> chose action LEFT in 0.00s.
2023-10-02 11:12:03,885 [BombeRLeWorld] INFO: Agent <agent_DQN> stayed within acceptable think time.
2023-10-02 11:12:03,885 [BombeRLeWorld] INFO: STARTING STEP 33
2023-10-02 11:12:03,886 [BombeRLeWorld] INFO: Agent <agent_DQN> chose action LEFT in 0.00s.
2023-10-02 11:12:03,886 [BombeRLeWorld] INFO: Agent <agent_DQN> stayed within acceptable think time.
2023-10-02 11:12:03,886 [BombeRLeWorld] INFO: Agent <rule_based_agent> chose action RIGHT in 0.00s.
2023-10-02 11:12:03,886 [BombeRLeWorld] INFO: Agent <rule_based_agent> stayed within acceptable think time.
2023-10-02 11:12:03,886 [BombeRLeWorld] INFO: STARTING STEP 34
2023-10-02 11:12:03,887 [BombeRLeWorld] INFO: Agent <agent_DQN> chose action LEFT in 0.00s.
2023-10-02 11:12:03,887 [BombeRLeWorld] INFO: Agent <agent_DQN> stayed within acceptable think time.
2023-10-02 11:12:03,887 [BombeRLeWorld] INFO: Agent <rule_based_agent> chose action RIGHT in 0.00s.
2023-10-02 11:12:03,887 [BombeRLeWorld] INFO: Agent <rule_based_agent> stayed within acceptable think time.
2023-10-02 11:12:03,887 [BombeRLeWorld] INFO: STARTING STEP 35
2023-10-02 11:12:03,888 [BombeRLeWorld] INFO: Agent <rule_based_agent> chose action UP in 0.00s.
2023-10-02 11:12:03,888 [BombeRLeWorld] INFO: Agent <rule_based_agent> stayed within acceptable think time.
2023-10-02 11:12:03,888 [BombeRLeWorld] INFO: Agent <agent_DQN> chose action LEFT in 0.00s.
2023-10-02 11:12:03,888 [BombeRLeWorld] INFO: Agent <agent_DQN> stayed within acceptable think time.
2023-10-02 11:12:03,888 [BombeRLeWorld] INFO: STARTING STEP 36
2023-10-02 11:12:03,888 [BombeRLeWorld] INFO: Agent <rule_based_agent> chose action UP in 0.00s.
2023-10-02 11:12:03,888 [BombeRLeWorld] INFO: Agent <rule_based_agent> stayed within acceptable think time.
2023-10-02 11:12:03,888 [BombeRLeWorld] INFO: Agent <agent_DQN> chose action LEFT in 0.00s.
2023-10-02 11:12:03,889 [BombeRLeWorld] INFO: Agent <agent_DQN> stayed within acceptable think time.
2023-10-02 11:12:03,889 [BombeRLeWorld] INFO: STARTING STEP 37
2023-10-02 11:12:03,889 [BombeRLeWorld] INFO: Agent <rule_based_agent> chose action BOMB in 0.00s.
2023-10-02 11:12:03,889 [BombeRLeWorld] INFO: Agent <rule_based_agent> stayed within acceptable think time.
2023-10-02 11:12:03,889 [BombeRLeWorld] INFO: Agent <rule_based_agent> drops bomb at (5, 11)
2023-10-02 11:12:03,889 [BombeRLeWorld] INFO: Agent <agent_DQN> chose action LEFT in 0.00s.
2023-10-02 11:12:03,889 [BombeRLeWorld] INFO: Agent <agent_DQN> stayed within acceptable think time.
2023-10-02 11:12:03,890 [BombeRLeWorld] INFO: STARTING STEP 38
2023-10-02 11:12:03,891 [BombeRLeWorld] INFO: Agent <rule_based_agent> chose action DOWN in 0.00s.
2023-10-02 11:12:03,891 [BombeRLeWorld] INFO: Agent <rule_based_agent> stayed within acceptable think time.
2023-10-02 11:12:03,891 [BombeRLeWorld] INFO: Agent <agent_DQN> chose action LEFT in 0.00s.
2023-10-02 11:12:03,891 [BombeRLeWorld] INFO: Agent <agent_DQN> stayed within acceptable think time.
2023-10-02 11:12:03,891 [BombeRLeWorld] INFO: STARTING STEP 39
2023-10-02 11:12:03,892 [BombeRLeWorld] INFO: Agent <agent_DQN> chose action LEFT in 0.00s.
2023-10-02 11:12:03,892 [BombeRLeWorld] INFO: Agent <agent_DQN> stayed within acceptable think time.
2023-10-02 11:12:03,892 [BombeRLeWorld] INFO: Agent <rule_based_agent> chose action DOWN in 0.00s.
2023-10-02 11:12:03,892 [BombeRLeWorld] INFO: Agent <rule_based_agent> stayed within acceptable think time.
2023-10-02 11:12:03,892 [BombeRLeWorld] INFO: STARTING STEP 40
2023-10-02 11:12:03,893 [BombeRLeWorld] INFO: Agent <agent_DQN> chose action LEFT in 0.00s.
2023-10-02 11:12:03,893 [BombeRLeWorld] INFO: Agent <agent_DQN> stayed within acceptable think time.
2023-10-02 11:12:03,893 [BombeRLeWorld] INFO: Agent <rule_based_agent> chose action LEFT in 0.00s.
2023-10-02 11:12:03,893 [BombeRLeWorld] INFO: Agent <rule_based_agent> stayed within acceptable think time.
2023-10-02 11:12:03,894 [BombeRLeWorld] INFO: STARTING STEP 41
2023-10-02 11:12:03,895 [BombeRLeWorld] INFO: Agent <agent_DQN> chose action LEFT in 0.00s.
2023-10-02 11:12:03,895 [BombeRLeWorld] INFO: Agent <agent_DQN> stayed within acceptable think time.
2023-10-02 11:12:03,895 [BombeRLeWorld] INFO: Agent <rule_based_agent> chose action LEFT in 0.00s.
2023-10-02 11:12:03,895 [BombeRLeWorld] INFO: Agent <rule_based_agent> stayed within acceptable think time.
2023-10-02 11:12:03,895 [BombeRLeWorld] INFO: Agent <rule_based_agent>'s bomb at (5, 11) explodes
2023-10-02 11:12:03,895 [BombeRLeWorld] INFO: STARTING STEP 42
2023-10-02 11:12:03,896 [BombeRLeWorld] INFO: Agent <rule_based_agent> chose action RIGHT in 0.00s.
2023-10-02 11:12:03,896 [BombeRLeWorld] INFO: Agent <rule_based_agent> stayed within acceptable think time.
2023-10-02 11:12:03,896 [BombeRLeWorld] INFO: Agent <agent_DQN> chose action LEFT in 0.00s.
2023-10-02 11:12:03,897 [BombeRLeWorld] INFO: Agent <agent_DQN> stayed within acceptable think time.
2023-10-02 11:12:03,897 [BombeRLeWorld] INFO: STARTING STEP 43
2023-10-02 11:12:03,898 [BombeRLeWorld] INFO: Agent <rule_based_agent> chose action RIGHT in 0.00s.
2023-10-02 11:12:03,898 [BombeRLeWorld] INFO: Agent <rule_based_agent> stayed within acceptable think time.
2023-10-02 11:12:03,898 [BombeRLeWorld] INFO: Agent <agent_DQN> chose action LEFT in 0.00s.
2023-10-02 11:12:03,898 [BombeRLeWorld] INFO: Agent <agent_DQN> stayed within acceptable think time.
2023-10-02 11:12:03,898 [BombeRLeWorld] INFO: STARTING STEP 44
2023-10-02 11:12:03,900 [BombeRLeWorld] INFO: Agent <agent_DQN> chose action LEFT in 0.00s.
2023-10-02 11:12:03,900 [BombeRLeWorld] INFO: Agent <agent_DQN> stayed within acceptable think time.
2023-10-02 11:12:03,900 [BombeRLeWorld] INFO: Agent <rule_based_agent> chose action DOWN in 0.00s.
2023-10-02 11:12:03,900 [BombeRLeWorld] INFO: Agent <rule_based_agent> stayed within acceptable think time.
2023-10-02 11:12:03,900 [BombeRLeWorld] INFO: STARTING STEP 45
2023-10-02 11:12:03,901 [BombeRLeWorld] INFO: Agent <agent_DQN> chose action LEFT in 0.00s.
2023-10-02 11:12:03,901 [BombeRLeWorld] INFO: Agent <agent_DQN> stayed within acceptable think time.
2023-10-02 11:12:03,901 [BombeRLeWorld] INFO: Agent <rule_based_agent> chose action DOWN in 0.00s.
2023-10-02 11:12:03,901 [BombeRLeWorld] INFO: Agent <rule_based_agent> stayed within acceptable think time.
2023-10-02 11:12:03,901 [BombeRLeWorld] INFO: STARTING STEP 46
2023-10-02 11:12:03,902 [BombeRLeWorld] INFO: Agent <rule_based_agent> chose action RIGHT in 0.00s.
2023-10-02 11:12:03,902 [BombeRLeWorld] INFO: Agent <rule_based_agent> stayed within acceptable think time.
2023-10-02 11:12:03,902 [BombeRLeWorld] INFO: Agent <agent_DQN> chose action UP in 0.00s.
2023-10-02 11:12:03,902 [BombeRLeWorld] INFO: Agent <agent_DQN> stayed within acceptable think time.
2023-10-02 11:12:03,902 [BombeRLeWorld] INFO: STARTING STEP 47
2023-10-02 11:12:03,903 [BombeRLeWorld] INFO: Agent <rule_based_agent> chose action RIGHT in 0.00s.
2023-10-02 11:12:03,903 [BombeRLeWorld] INFO: Agent <rule_based_agent> stayed within acceptable think time.
2023-10-02 11:12:03,903 [BombeRLeWorld] INFO: Agent <agent_DQN> chose action LEFT in 0.00s.
2023-10-02 11:12:03,903 [BombeRLeWorld] INFO: Agent <agent_DQN> stayed within acceptable think time.
2023-10-02 11:12:03,903 [BombeRLeWorld] INFO: STARTING STEP 48
2023-10-02 11:12:03,904 [BombeRLeWorld] INFO: Agent <rule_based_agent> chose action RIGHT in 0.00s.
2023-10-02 11:12:03,904 [BombeRLeWorld] INFO: Agent <rule_based_agent> stayed within acceptable think time.
2023-10-02 11:12:03,904 [BombeRLeWorld] INFO: Agent <agent_DQN> chose action LEFT in 0.00s.
2023-10-02 11:12:03,904 [BombeRLeWorld] INFO: Agent <agent_DQN> stayed within acceptable think time.
2023-10-02 11:12:03,904 [BombeRLeWorld] INFO: STARTING STEP 49
2023-10-02 11:12:03,904 [BombeRLeWorld] INFO: Agent <agent_DQN> chose action LEFT in 0.00s.
2023-10-02 11:12:03,904 [BombeRLeWorld] INFO: Agent <agent_DQN> stayed within acceptable think time.
2023-10-02 11:12:03,904 [BombeRLeWorld] INFO: Agent <rule_based_agent> chose action BOMB in 0.00s.
2023-10-02 11:12:03,904 [BombeRLeWorld] INFO: Agent <rule_based_agent> stayed within acceptable think time.
2023-10-02 11:12:03,904 [BombeRLeWorld] INFO: Agent <rule_based_agent> drops bomb at (8, 15)
2023-10-02 11:12:03,905 [BombeRLeWorld] INFO: STARTING STEP 50
2023-10-02 11:12:03,906 [BombeRLeWorld] INFO: Agent <rule_based_agent> chose action LEFT in 0.00s.
2023-10-02 11:12:03,906 [BombeRLeWorld] INFO: Agent <rule_based_agent> stayed within acceptable think time.
2023-10-02 11:12:03,906 [BombeRLeWorld] INFO: Agent <agent_DQN> chose action LEFT in 0.00s.
2023-10-02 11:12:03,906 [BombeRLeWorld] INFO: Agent <agent_DQN> stayed within acceptable think time.
2023-10-02 11:12:03,906 [BombeRLeWorld] INFO: STARTING STEP 51
2023-10-02 11:12:03,908 [BombeRLeWorld] INFO: Agent <agent_DQN> chose action LEFT in 0.00s.
2023-10-02 11:12:03,908 [BombeRLeWorld] INFO: Agent <agent_DQN> stayed within acceptable think time.
2023-10-02 11:12:03,908 [BombeRLeWorld] INFO: Agent <rule_based_agent> chose action LEFT in 0.00s.
2023-10-02 11:12:03,908 [BombeRLeWorld] INFO: Agent <rule_based_agent> stayed within acceptable think time.
2023-10-02 11:12:03,908 [BombeRLeWorld] INFO: STARTING STEP 52
2023-10-02 11:12:03,909 [BombeRLeWorld] INFO: Agent <agent_DQN> chose action LEFT in 0.00s.
2023-10-02 11:12:03,909 [BombeRLeWorld] INFO: Agent <agent_DQN> stayed within acceptable think time.
2023-10-02 11:12:03,909 [BombeRLeWorld] INFO: Agent <rule_based_agent> chose action LEFT in 0.00s.
2023-10-02 11:12:03,909 [BombeRLeWorld] INFO: Agent <rule_based_agent> stayed within acceptable think time.
2023-10-02 11:12:03,910 [BombeRLeWorld] INFO: STARTING STEP 53
2023-10-02 11:12:03,911 [BombeRLeWorld] INFO: Agent <rule_based_agent> chose action UP in 0.00s.
2023-10-02 11:12:03,911 [BombeRLeWorld] INFO: Agent <rule_based_agent> stayed within acceptable think time.
2023-10-02 11:12:03,911 [BombeRLeWorld] INFO: Agent <agent_DQN> chose action LEFT in 0.00s.
2023-10-02 11:12:03,911 [BombeRLeWorld] INFO: Agent <agent_DQN> stayed within acceptable think time.
2023-10-02 11:12:03,911 [BombeRLeWorld] INFO: Agent <rule_based_agent>'s bomb at (8, 15) explodes
2023-10-02 11:12:03,911 [BombeRLeWorld] INFO: Coin found at (10, 15)
2023-10-02 11:12:03,911 [BombeRLeWorld] INFO: STARTING STEP 54
